{"name":"hexo","hostname":"duoduo","pid":29561,"level":20,"msg":"Hexo version: \u001b[35m3.4.3\u001b[39m","time":"2019-09-01T07:32:23.746Z","v":0}
{"name":"hexo","hostname":"duoduo","pid":29561,"level":20,"msg":"Working directory: \u001b[35m~/Projects/personal/github-blog/\u001b[39m","time":"2019-09-01T07:32:23.748Z","v":0}
{"name":"hexo","hostname":"duoduo","pid":29561,"level":20,"msg":"Config loaded: \u001b[35m~/Projects/personal/github-blog/_config.yml\u001b[39m","time":"2019-09-01T07:32:23.813Z","v":0}
{"name":"hexo","hostname":"duoduo","pid":29561,"level":20,"msg":"Plugin loaded: \u001b[35mhexo-deployer-git\u001b[39m","time":"2019-09-01T07:32:23.822Z","v":0}
{"name":"hexo","hostname":"duoduo","pid":29561,"level":20,"msg":"Plugin loaded: \u001b[35mhexo-deployer-rsync\u001b[39m","time":"2019-09-01T07:32:23.822Z","v":0}
{"name":"hexo","hostname":"duoduo","pid":29561,"level":20,"msg":"Plugin loaded: \u001b[35mhexo-generator-archive\u001b[39m","time":"2019-09-01T07:32:23.824Z","v":0}
{"name":"hexo","hostname":"duoduo","pid":29561,"level":20,"msg":"Plugin loaded: \u001b[35mhexo-generator-category\u001b[39m","time":"2019-09-01T07:32:23.825Z","v":0}
{"name":"hexo","hostname":"duoduo","pid":29561,"level":20,"msg":"Plugin loaded: \u001b[35mhexo-generator-index\u001b[39m","time":"2019-09-01T07:32:23.827Z","v":0}
{"name":"hexo","hostname":"duoduo","pid":29561,"level":20,"msg":"Plugin loaded: \u001b[35mhexo-generator-searchdb\u001b[39m","time":"2019-09-01T07:32:23.832Z","v":0}
{"name":"hexo","hostname":"duoduo","pid":29561,"level":20,"msg":"Plugin loaded: \u001b[35mhexo-generator-tag\u001b[39m","time":"2019-09-01T07:32:23.834Z","v":0}
{"name":"hexo","hostname":"duoduo","pid":29561,"level":20,"msg":"Plugin loaded: \u001b[35mhexo-pagination\u001b[39m","time":"2019-09-01T07:32:23.834Z","v":0}
{"name":"hexo","hostname":"duoduo","pid":29561,"level":20,"msg":"Plugin loaded: \u001b[35mhexo-renderer-ejs\u001b[39m","time":"2019-09-01T07:32:23.837Z","v":0}
{"name":"hexo","hostname":"duoduo","pid":29561,"level":20,"msg":"Plugin loaded: \u001b[35mhexo-renderer-marked\u001b[39m","time":"2019-09-01T07:32:23.843Z","v":0}
{"name":"hexo","hostname":"duoduo","pid":29561,"level":20,"msg":"Plugin loaded: \u001b[35mhexo-renderer-stylus\u001b[39m","time":"2019-09-01T07:32:23.844Z","v":0}
{"name":"hexo","hostname":"duoduo","pid":29561,"level":20,"msg":"Plugin loaded: \u001b[35mhexo-server\u001b[39m","time":"2019-09-01T07:32:23.910Z","v":0}
{"name":"hexo","hostname":"duoduo","pid":29561,"level":20,"msg":"Script loaded: \u001b[35mthemes/next/scripts/merge-configs.js\u001b[39m","time":"2019-09-01T07:32:23.920Z","v":0}
{"name":"hexo","hostname":"duoduo","pid":29561,"level":20,"msg":"Script loaded: \u001b[35mthemes/next/scripts/tags/button.js\u001b[39m","time":"2019-09-01T07:32:23.921Z","v":0}
{"name":"hexo","hostname":"duoduo","pid":29561,"level":20,"msg":"Script loaded: \u001b[35mthemes/next/scripts/tags/center-quote.js\u001b[39m","time":"2019-09-01T07:32:23.921Z","v":0}
{"name":"hexo","hostname":"duoduo","pid":29561,"level":20,"msg":"Script loaded: \u001b[35mthemes/next/scripts/tags/exturl.js\u001b[39m","time":"2019-09-01T07:32:23.922Z","v":0}
{"name":"hexo","hostname":"duoduo","pid":29561,"level":20,"msg":"Script loaded: \u001b[35mthemes/next/scripts/tags/full-image.js\u001b[39m","time":"2019-09-01T07:32:23.923Z","v":0}
{"name":"hexo","hostname":"duoduo","pid":29561,"level":20,"msg":"Script loaded: \u001b[35mthemes/next/scripts/tags/label.js\u001b[39m","time":"2019-09-01T07:32:23.923Z","v":0}
{"name":"hexo","hostname":"duoduo","pid":29561,"level":20,"msg":"Script loaded: \u001b[35mthemes/next/scripts/tags/lazy-image.js\u001b[39m","time":"2019-09-01T07:32:23.924Z","v":0}
{"name":"hexo","hostname":"duoduo","pid":29561,"level":20,"msg":"Script loaded: \u001b[35mthemes/next/scripts/tags/note.js\u001b[39m","time":"2019-09-01T07:32:23.924Z","v":0}
{"name":"hexo","hostname":"duoduo","pid":29561,"level":20,"msg":"Script loaded: \u001b[35mthemes/next/scripts/tags/tabs.js\u001b[39m","time":"2019-09-01T07:32:23.925Z","v":0}
{"name":"hexo","hostname":"duoduo","pid":29561,"level":20,"msg":"Script loaded: \u001b[35mthemes/next/scripts/tags/group-pictures.js\u001b[39m","time":"2019-09-01T07:32:23.926Z","v":0}
{"name":"hexo","hostname":"duoduo","pid":29561,"level":20,"msg":"Script loaded: \u001b[35mthemes/next/scripts/merge.js\u001b[39m","time":"2019-09-01T07:32:23.930Z","v":0}
{"name":"hexo","hostname":"duoduo","pid":29561,"level":60,"msg":"Port 4000 has been used. Try other port instead.","time":"2019-09-01T07:32:23.943Z","v":0}
{"name":"hexo","hostname":"duoduo","pid":29561,"level":60,"err":{"message":"listen EADDRINUSE: address already in use 0.0.0.0:4000","name":"Error","stack":"Error: listen EADDRINUSE: address already in use 0.0.0.0:4000\n    at Server.setupListenHandle [as _listen2] (net.js:1259:14)\n    at listenInCluster (net.js:1307:12)\n    at doListen (net.js:1446:7)\n    at processTicksAndRejections (internal/process/task_queues.js:81:17)","code":"EADDRINUSE"},"msg":"Something's wrong. Maybe you can find the solution here: \u001b[4mhttp://hexo.io/docs/troubleshooting.html\u001b[24m","time":"2019-09-01T07:32:23.945Z","v":0}
{"name":"hexo","hostname":"duoduo","pid":29561,"level":20,"msg":"Database saved","time":"2019-09-01T07:32:23.949Z","v":0}
